
=== WARM-UP 1/5 - 2026-07-21T09:09:39+07:00 ===
NAME                                             READY   STATUS      RESTARTS        AGE
cart-74cdbd6b84-4xqq6                            0/1     Pending     0               17s
cart-74cdbd6b84-dxllg                            0/1     Pending     0               32s
cart-74cdbd6b84-wcqhj                            0/1     Pending     0               2s
checkout-779b6768bf-96zch                        0/1     Pending     0               16s
checkout-779b6768bf-d52ln                        0/1     Pending     0               46s
checkout-779b6768bf-nrdfx                        0/1     Pending     0               16s
frontend-7cb46658f5-cvh8b                        0/1     Pending     0               14s
frontend-7cb46658f5-f8nkt                        0/1     Pending     0               44s
frontend-7cb46658f5-h2vlq                        0/1     Pending     0               14s
frontend-7cb46658f5-js6jg                        0/1     Pending     0               44s
frontend-7cb46658f5-qrf2l                        0/1     Pending     0               14s

=== WARM-UP 2/5 - 2026-07-21T09:10:49+07:00 ===
NAME                                             READY   STATUS      RESTARTS        AGE
cart-74cdbd6b84-4xqq6                            0/1     Pending     0               85s
cart-74cdbd6b84-dxllg                            0/1     Pending     0               100s
cart-74cdbd6b84-gljfm                            0/1     Pending     0               55s
cart-74cdbd6b84-grt2w                            0/1     Pending     0               55s
cart-74cdbd6b84-wcqhj                            0/1     Pending     0               70s
checkout-779b6768bf-2zjrq                        0/1     Pending     0               24s
checkout-779b6768bf-96zch                        0/1     Pending     0               84s
checkout-779b6768bf-cfqth                        0/1     Pending     0               54s
checkout-779b6768bf-d52ln                        0/1     Pending     0               114s
checkout-779b6768bf-dm2j9                        0/1     Pending     0               54s
checkout-779b6768bf-krhgk                        0/1     Pending     0               54s
checkout-779b6768bf-nmw4p                        0/1     Pending     0               24s
checkout-779b6768bf-nrdfx                        0/1     Pending     0               84s
frontend-7cb46658f5-5zrrl                        0/1     Pending     0               52s
frontend-7cb46658f5-8l4td                        0/1     Pending     0               52s
frontend-7cb46658f5-bz4fc                        0/1     Pending     0               52s
frontend-7cb46658f5-cvh8b                        0/1     Pending     0               82s
frontend-7cb46658f5-cwz7h                        0/1     Pending     0               22s
frontend-7cb46658f5-f8nkt                        0/1     Pending     0               112s
frontend-7cb46658f5-h2vlq                        0/1     Pending     0               82s
frontend-7cb46658f5-js6jg                        0/1     Pending     0               112s
frontend-7cb46658f5-qrf2l                        0/1     Pending     0               82s
frontend-7cb46658f5-tsdjr                        0/1     Pending     0               22s
frontend-7cb46658f5-w4tp9                        0/1     Pending     0               52s
frontend-7cb46658f5-wm4cw                        0/1     Pending     0               22s
product-catalog-84656579df-22d55                 0/1     Pending     0               24s

=== WARM-UP 3/5 - 2026-07-21T09:11:58+07:00 ===
NAME                                             READY   STATUS      RESTARTS        AGE
cart-74cdbd6b84-4xqq6                            0/1     Pending     0               2m34s
cart-74cdbd6b84-dxllg                            0/1     Pending     0               2m49s
cart-74cdbd6b84-gljfm                            0/1     Pending     0               2m4s
cart-74cdbd6b84-grt2w                            0/1     Pending     0               2m4s
cart-74cdbd6b84-wcqhj                            0/1     Pending     0               2m19s
checkout-779b6768bf-2zjrq                        0/1     Pending     0               93s
checkout-779b6768bf-96zch                        0/1     Pending     0               2m33s
checkout-779b6768bf-cfqth                        0/1     Pending     0               2m3s
checkout-779b6768bf-d52ln                        0/1     Pending     0               3m3s
checkout-779b6768bf-dm2j9                        0/1     Pending     0               2m3s
checkout-779b6768bf-hxb8c                        0/1     Pending     0               63s
checkout-779b6768bf-krhgk                        0/1     Pending     0               2m3s
checkout-779b6768bf-n9cm4                        0/1     Pending     0               63s
checkout-779b6768bf-nmw4p                        0/1     Pending     0               93s
checkout-779b6768bf-nrdfx                        0/1     Pending     0               2m33s
frontend-7cb46658f5-5zrrl                        0/1     Pending     0               2m1s
frontend-7cb46658f5-8l4td                        0/1     Pending     0               2m1s
frontend-7cb46658f5-bz4fc                        0/1     Pending     0               2m1s
frontend-7cb46658f5-cvh8b                        0/1     Pending     0               2m31s
frontend-7cb46658f5-cwz7h                        0/1     Pending     0               91s
frontend-7cb46658f5-f8nkt                        0/1     Pending     0               3m1s
frontend-7cb46658f5-h2vlq                        0/1     Pending     0               2m31s
frontend-7cb46658f5-js6jg                        0/1     Pending     0               3m1s
frontend-7cb46658f5-qrf2l                        0/1     Pending     0               2m31s
frontend-7cb46658f5-tsdjr                        0/1     Pending     0               91s
frontend-7cb46658f5-w4tp9                        0/1     Pending     0               2m1s
frontend-7cb46658f5-wm4cw                        0/1     Pending     0               91s
product-catalog-84656579df-22d55                 0/1     Pending     0               93s

=== WARM-UP 4/5 - 2026-07-21T09:13:07+07:00 ===
NAME                                             READY   STATUS      RESTARTS        AGE
cart-74cdbd6b84-4xqq6                            0/1     Pending     0               3m43s
cart-74cdbd6b84-dxllg                            0/1     Pending     0               3m58s
cart-74cdbd6b84-gljfm                            0/1     Pending     0               3m13s
cart-74cdbd6b84-grt2w                            0/1     Pending     0               3m13s
cart-74cdbd6b84-wcqhj                            0/1     Pending     0               3m28s
checkout-779b6768bf-2zjrq                        0/1     Pending     0               2m42s
checkout-779b6768bf-96zch                        0/1     Pending     0               3m42s
checkout-779b6768bf-cfqth                        0/1     Pending     0               3m12s
checkout-779b6768bf-d52ln                        0/1     Pending     0               4m12s
checkout-779b6768bf-dm2j9                        0/1     Pending     0               3m12s
checkout-779b6768bf-hxb8c                        0/1     Pending     0               2m12s
checkout-779b6768bf-krhgk                        0/1     Pending     0               3m12s
checkout-779b6768bf-n9cm4                        0/1     Pending     0               2m12s
checkout-779b6768bf-nmw4p                        0/1     Pending     0               2m42s
checkout-779b6768bf-nrdfx                        0/1     Pending     0               3m42s
frontend-7cb46658f5-5zrrl                        0/1     Pending     0               3m10s
frontend-7cb46658f5-8l4td                        0/1     Pending     0               3m10s
frontend-7cb46658f5-bz4fc                        0/1     Pending     0               3m10s
frontend-7cb46658f5-cvh8b                        0/1     Pending     0               3m40s
frontend-7cb46658f5-cwz7h                        0/1     Pending     0               2m40s
frontend-7cb46658f5-f8nkt                        0/1     Pending     0               4m10s
frontend-7cb46658f5-h2vlq                        0/1     Pending     0               3m40s
frontend-7cb46658f5-js6jg                        0/1     Pending     0               4m10s
frontend-7cb46658f5-qrf2l                        0/1     Pending     0               3m40s
frontend-7cb46658f5-tsdjr                        0/1     Pending     0               2m40s
frontend-7cb46658f5-w4tp9                        0/1     Pending     0               3m10s
frontend-7cb46658f5-wm4cw                        0/1     Pending     0               2m40s
product-catalog-84656579df-22d55                 0/1     Pending     0               2m42s

=== WARM-UP 5/5 - 2026-07-21T09:14:17+07:00 ===
NAME                                             READY   STATUS      RESTARTS        AGE
cart-74cdbd6b84-4xqq6                            0/1     Pending     0               4m51s
cart-74cdbd6b84-dxllg                            0/1     Pending     0               5m6s
cart-74cdbd6b84-gljfm                            0/1     Pending     0               4m21s
cart-74cdbd6b84-grt2w                            0/1     Pending     0               4m21s
cart-74cdbd6b84-wcqhj                            0/1     Pending     0               4m36s
checkout-779b6768bf-2zjrq                        0/1     Pending     0               3m50s
checkout-779b6768bf-96zch                        0/1     Pending     0               4m50s
checkout-779b6768bf-cfqth                        0/1     Pending     0               4m20s
checkout-779b6768bf-d52ln                        0/1     Pending     0               5m20s
checkout-779b6768bf-dm2j9                        0/1     Pending     0               4m20s
checkout-779b6768bf-hxb8c                        0/1     Pending     0               3m20s
checkout-779b6768bf-krhgk                        0/1     Pending     0               4m20s
checkout-779b6768bf-n9cm4                        0/1     Pending     0               3m20s
checkout-779b6768bf-nmw4p                        0/1     Pending     0               3m50s
checkout-779b6768bf-nrdfx                        0/1     Pending     0               4m50s
frontend-7cb46658f5-5zrrl                        0/1     Pending     0               4m18s
frontend-7cb46658f5-8l4td                        0/1     Pending     0               4m18s
frontend-7cb46658f5-bz4fc                        0/1     Pending     0               4m18s
frontend-7cb46658f5-cvh8b                        0/1     Pending     0               4m48s
frontend-7cb46658f5-cwz7h                        0/1     Pending     0               3m48s
frontend-7cb46658f5-f8nkt                        0/1     Pending     0               5m18s
frontend-7cb46658f5-h2vlq                        0/1     Pending     0               4m48s
frontend-7cb46658f5-js6jg                        0/1     Pending     0               5m18s
frontend-7cb46658f5-qrf2l                        0/1     Pending     0               4m48s
frontend-7cb46658f5-tsdjr                        0/1     Pending     0               3m48s
frontend-7cb46658f5-w4tp9                        0/1     Pending     0               4m18s
frontend-7cb46658f5-wm4cw                        0/1     Pending     0               3m48s
product-catalog-84656579df-22d55                 0/1     Pending     0               3m50s
