
=== WARM-UP 1/5 - 2026-07-21T03:47:45+07:00 ===
NAME                                             READY   STATUS      RESTARTS      AGE
cart-74cdbd6b84-5cznm                            0/1     Pending     0             30m
cart-74cdbd6b84-9gmpv                            0/1     Pending     0             68s
cart-74cdbd6b84-mvdvz                            0/1     Pending     0             29m
cart-74cdbd6b84-rjd67                            0/1     Pending     0             29m
checkout-779b6768bf-bt8sk                        0/1     Pending     0             29m
checkout-779b6768bf-f2xzq                        0/1     Pending     0             30m
checkout-779b6768bf-f7zsl                        0/1     Pending     0             29m
checkout-779b6768bf-jxfj7                        0/1     Pending     0             29m
checkout-779b6768bf-l99l2                        0/1     Pending     0             29m
checkout-779b6768bf-xvg7q                        0/1     Pending     0             29m
frontend-7cb46658f5-2gq8l                        0/1     Pending     0             29m
frontend-7cb46658f5-4vmvl                        0/1     Pending     0             30m
frontend-7cb46658f5-6b8xg                        0/1     Pending     0             30m
frontend-7cb46658f5-6djtw                        0/1     Pending     0             28m
frontend-7cb46658f5-f5f9b                        0/1     Pending     0             28m
frontend-7cb46658f5-k9t56                        0/1     Pending     0             28m
frontend-7cb46658f5-mjrkw                        0/1     Pending     0             28m
frontend-7cb46658f5-pr92r                        0/1     Pending     0             29m
frontend-7cb46658f5-zmxlg                        0/1     Pending     0             28m

=== WARM-UP 2/5 - 2026-07-21T03:48:53+07:00 ===
NAME                                             READY   STATUS      RESTARTS      AGE
cart-74cdbd6b84-5cznm                            0/1     Pending     0             31m
cart-74cdbd6b84-9gmpv                            0/1     Pending     0             2m16s
cart-74cdbd6b84-mvdvz                            0/1     Pending     0             31m
cart-74cdbd6b84-rjd67                            0/1     Pending     0             31m
checkout-779b6768bf-bt8sk                        0/1     Pending     0             31m
checkout-779b6768bf-f2xzq                        0/1     Pending     0             31m
checkout-779b6768bf-f7zsl                        0/1     Pending     0             30m
checkout-779b6768bf-jxfj7                        0/1     Pending     0             30m
checkout-779b6768bf-l99l2                        0/1     Pending     0             30m
checkout-779b6768bf-xvg7q                        0/1     Pending     0             31m
frontend-7cb46658f5-2gq8l                        0/1     Pending     0             30m
frontend-7cb46658f5-4vmvl                        0/1     Pending     0             31m
frontend-7cb46658f5-6b8xg                        0/1     Pending     0             31m
frontend-7cb46658f5-6djtw                        0/1     Pending     0             30m
frontend-7cb46658f5-f5f9b                        0/1     Pending     0             29m
frontend-7cb46658f5-k9t56                        0/1     Pending     0             30m
frontend-7cb46658f5-mjrkw                        0/1     Pending     0             29m
frontend-7cb46658f5-pr92r                        0/1     Pending     0             30m
frontend-7cb46658f5-zmxlg                        0/1     Pending     0             30m

=== WARM-UP 3/5 - 2026-07-21T03:50:02+07:00 ===
NAME                                             READY   STATUS      RESTARTS      AGE
cart-74cdbd6b84-5cznm                            0/1     Pending     0             32m
cart-74cdbd6b84-9gmpv                            0/1     Pending     0             3m24s
cart-74cdbd6b84-mvdvz                            0/1     Pending     0             32m
cart-74cdbd6b84-rjd67                            0/1     Pending     0             32m
checkout-779b6768bf-bt8sk                        0/1     Pending     0             32m
checkout-779b6768bf-f2xzq                        0/1     Pending     0             32m
checkout-779b6768bf-f7zsl                        0/1     Pending     0             31m
checkout-779b6768bf-jxfj7                        0/1     Pending     0             31m
checkout-779b6768bf-l99l2                        0/1     Pending     0             31m
checkout-779b6768bf-xvg7q                        0/1     Pending     0             32m
frontend-7cb46658f5-2gq8l                        0/1     Pending     0             31m
frontend-7cb46658f5-4vmvl                        0/1     Pending     0             32m
frontend-7cb46658f5-6b8xg                        0/1     Pending     0             32m
frontend-7cb46658f5-6djtw                        0/1     Pending     0             31m
frontend-7cb46658f5-f5f9b                        0/1     Pending     0             30m
frontend-7cb46658f5-k9t56                        0/1     Pending     0             31m
frontend-7cb46658f5-mjrkw                        0/1     Pending     0             30m
frontend-7cb46658f5-pr92r                        0/1     Pending     0             31m
frontend-7cb46658f5-zmxlg                        0/1     Pending     0             31m

=== WARM-UP 4/5 - 2026-07-21T03:51:07+07:00 ===
NAME                                             READY   STATUS      RESTARTS      AGE
cart-74cdbd6b84-5cznm                            0/1     Pending     0             33m
cart-74cdbd6b84-9gmpv                            0/1     Pending     0             4m33s
cart-74cdbd6b84-mvdvz                            0/1     Pending     0             33m
cart-74cdbd6b84-rjd67                            0/1     Pending     0             33m
checkout-779b6768bf-bt8sk                        0/1     Pending     0             33m
checkout-779b6768bf-f2xzq                        0/1     Pending     0             33m
checkout-779b6768bf-f7zsl                        0/1     Pending     0             32m
checkout-779b6768bf-jxfj7                        0/1     Pending     0             32m
checkout-779b6768bf-l99l2                        0/1     Pending     0             32m
checkout-779b6768bf-xvg7q                        0/1     Pending     0             33m
frontend-7cb46658f5-2gq8l                        0/1     Pending     0             33m
frontend-7cb46658f5-4vmvl                        0/1     Pending     0             33m
frontend-7cb46658f5-6b8xg                        0/1     Pending     0             33m
frontend-7cb46658f5-6djtw                        0/1     Pending     0             32m
frontend-7cb46658f5-f5f9b                        0/1     Pending     0             31m
frontend-7cb46658f5-k9t56                        0/1     Pending     0             32m
frontend-7cb46658f5-mjrkw                        0/1     Pending     0             31m
frontend-7cb46658f5-pr92r                        0/1     Pending     0             33m
frontend-7cb46658f5-zmxlg                        0/1     Pending     0             32m

=== WARM-UP 5/5 - 2026-07-21T03:52:16+07:00 ===
NAME                                             READY   STATUS      RESTARTS      AGE
cart-74cdbd6b84-5cznm                            0/1     Pending     0             34m
cart-74cdbd6b84-9gmpv                            0/1     Pending     0             5m41s
cart-74cdbd6b84-mvdvz                            0/1     Pending     0             34m
cart-74cdbd6b84-rjd67                            0/1     Pending     0             34m
checkout-779b6768bf-bt8sk                        0/1     Pending     0             34m
checkout-779b6768bf-f2xzq                        0/1     Pending     0             35m
checkout-779b6768bf-f7zsl                        0/1     Pending     0             34m
checkout-779b6768bf-jxfj7                        0/1     Pending     0             34m
checkout-779b6768bf-l99l2                        0/1     Pending     0             34m
checkout-779b6768bf-xvg7q                        0/1     Pending     0             34m
frontend-7cb46658f5-2gq8l                        0/1     Pending     0             34m
frontend-7cb46658f5-4vmvl                        0/1     Pending     0             35m
frontend-7cb46658f5-6b8xg                        0/1     Pending     0             35m
frontend-7cb46658f5-6djtw                        0/1     Pending     0             33m
frontend-7cb46658f5-f5f9b                        0/1     Pending     0             32m
frontend-7cb46658f5-k9t56                        0/1     Pending     0             33m
frontend-7cb46658f5-mjrkw                        0/1     Pending     0             32m
frontend-7cb46658f5-pr92r                        0/1     Pending     0             34m
frontend-7cb46658f5-zmxlg                        0/1     Pending     0             33m
