NAME                                             READY   STATUS      RESTARTS      AGE
checkout-779b6768bf-skmm9                        0/1     Pending     0             29s
checkout-779b6768bf-vvc9f                        0/1     Pending     0             44s
frontend-7cb46658f5-b8svp                        0/1     Pending     0             46s
frontend-7cb46658f5-rssx8                        0/1     Pending     0             46s
NAME                                             READY   STATUS      RESTARTS      AGE
cart-74cdbd6b84-8752j                            0/1     Pending     0             52s
cart-74cdbd6b84-rfvbm                            0/1     Pending     0             51s
checkout-779b6768bf-skmm9                        0/1     Pending     0             98s
checkout-779b6768bf-vvc9f                        0/1     Pending     0             113s
frontend-7cb46658f5-b8svp                        0/1     Pending     0             115s
frontend-7cb46658f5-rssx8                        0/1     Pending     0             115s
frontend-7cb46658f5-rzzzr                        0/1     Pending     0             40s
NAME                                             READY   STATUS      RESTARTS      AGE
cart-74cdbd6b84-8752j                            0/1     Pending     0             2m
cart-74cdbd6b84-rfvbm                            0/1     Pending     0             119s
checkout-779b6768bf-695mb                        0/1     Pending     0             16s
checkout-779b6768bf-skmm9                        0/1     Pending     0             2m46s
checkout-779b6768bf-vvc9f                        0/1     Pending     0             3m1s
frontend-7cb46658f5-b8svp                        0/1     Pending     0             3m3s
frontend-7cb46658f5-rssx8                        0/1     Pending     0             3m3s
frontend-7cb46658f5-rzzzr                        0/1     Pending     0             108s
