
=== WARM-UP 1/5 - 2026-07-21T07:55:55+07:00 ===
NAME                                             READY   STATUS      RESTARTS        AGE
cart-74cdbd6b84-5mq86                            0/1     Pending     0               96s
cart-74cdbd6b84-hwdsz                            0/1     Pending     0               36s
cart-74cdbd6b84-lcbwr                            0/1     Pending     0               36s
cart-74cdbd6b84-wf5fn                            0/1     Pending     0               51s
cart-74cdbd6b84-zdvtc                            0/1     Pending     0               66s
checkout-779b6768bf-2xfkw                        0/1     Pending     0               81s
checkout-779b6768bf-djcll                        0/1     Pending     0               66s
checkout-779b6768bf-jqr45                        0/1     Pending     0               36s
checkout-779b6768bf-ktht7                        0/1     Pending     0               96s
checkout-779b6768bf-lvt72                        0/1     Pending     0               51s
checkout-779b6768bf-nlsff                        0/1     Pending     0               51s
checkout-779b6768bf-r9pq2                        0/1     Pending     0               21s
frontend-7cb46658f5-47j9p                        0/1     Pending     0               94s
frontend-7cb46658f5-4vfcw                        0/1     Pending     0               4s
frontend-7cb46658f5-htv2l                        0/1     Pending     0               34s
frontend-7cb46658f5-jdflz                        0/1     Pending     0               79s
frontend-7cb46658f5-jzzm4                        0/1     Pending     0               109s
frontend-7cb46658f5-p4z45                        0/1     Pending     0               34s
frontend-7cb46658f5-pb9qr                        0/1     Pending     0               34s
frontend-7cb46658f5-s5txt                        0/1     Pending     0               4s

=== WARM-UP 2/5 - 2026-07-21T07:57:01+07:00 ===
NAME                                             READY   STATUS      RESTARTS        AGE
cart-74cdbd6b84-5mq86                            0/1     Pending     0               2m44s
cart-74cdbd6b84-hwdsz                            0/1     Pending     0               104s
cart-74cdbd6b84-lcbwr                            0/1     Pending     0               104s
cart-74cdbd6b84-wf5fn                            0/1     Pending     0               119s
cart-74cdbd6b84-zdvtc                            0/1     Pending     0               2m14s
checkout-779b6768bf-2xfkw                        0/1     Pending     0               2m29s
checkout-779b6768bf-djcll                        0/1     Pending     0               2m14s
checkout-779b6768bf-jqr45                        0/1     Pending     0               104s
checkout-779b6768bf-ktht7                        0/1     Pending     0               2m44s
checkout-779b6768bf-lvt72                        0/1     Pending     0               119s
checkout-779b6768bf-nlsff                        0/1     Pending     0               119s
checkout-779b6768bf-r9pq2                        0/1     Pending     0               89s
frontend-7cb46658f5-47j9p                        0/1     Pending     0               2m42s
frontend-7cb46658f5-4vfcw                        0/1     Pending     0               72s
frontend-7cb46658f5-9sx5d                        0/1     Pending     0               27s
frontend-7cb46658f5-htv2l                        0/1     Pending     0               102s
frontend-7cb46658f5-jdflz                        0/1     Pending     0               2m27s
frontend-7cb46658f5-jzzm4                        0/1     Pending     0               2m57s
frontend-7cb46658f5-p4z45                        0/1     Pending     0               102s
frontend-7cb46658f5-pb9qr                        0/1     Pending     0               102s
frontend-7cb46658f5-rc8k7                        0/1     Pending     0               27s
frontend-7cb46658f5-s5txt                        0/1     Pending     0               72s

=== WARM-UP 3/5 - 2026-07-21T07:58:09+07:00 ===
NAME                                             READY   STATUS      RESTARTS        AGE
cart-74cdbd6b84-5mq86                            0/1     Pending     0               3m53s
cart-74cdbd6b84-hwdsz                            0/1     Pending     0               2m53s
cart-74cdbd6b84-lcbwr                            0/1     Pending     0               2m53s
cart-74cdbd6b84-wf5fn                            0/1     Pending     0               3m8s
cart-74cdbd6b84-zdvtc                            0/1     Pending     0               3m23s
checkout-779b6768bf-2xfkw                        0/1     Pending     0               3m38s
checkout-779b6768bf-djcll                        0/1     Pending     0               3m23s
checkout-779b6768bf-jqr45                        0/1     Pending     0               2m53s
checkout-779b6768bf-ktht7                        0/1     Pending     0               3m53s
checkout-779b6768bf-lvt72                        0/1     Pending     0               3m8s
checkout-779b6768bf-nlsff                        0/1     Pending     0               3m8s
checkout-779b6768bf-r9pq2                        0/1     Pending     0               2m38s
frontend-7cb46658f5-47j9p                        0/1     Pending     0               3m51s
frontend-7cb46658f5-4vfcw                        0/1     Pending     0               2m21s
frontend-7cb46658f5-9sx5d                        0/1     Pending     0               96s
frontend-7cb46658f5-htv2l                        0/1     Pending     0               2m51s
frontend-7cb46658f5-jdflz                        0/1     Pending     0               3m36s
frontend-7cb46658f5-jzzm4                        0/1     Pending     0               4m6s
frontend-7cb46658f5-p4z45                        0/1     Pending     0               2m51s
frontend-7cb46658f5-pb9qr                        0/1     Pending     0               2m51s
frontend-7cb46658f5-rc8k7                        0/1     Pending     0               96s
frontend-7cb46658f5-s5txt                        0/1     Pending     0               2m21s

=== WARM-UP 4/5 - 2026-07-21T07:59:19+07:00 ===
NAME                                             READY   STATUS      RESTARTS        AGE
cart-74cdbd6b84-5mq86                            0/1     Pending     0               5m2s
cart-74cdbd6b84-hwdsz                            0/1     Pending     0               4m2s
cart-74cdbd6b84-lcbwr                            0/1     Pending     0               4m2s
cart-74cdbd6b84-wf5fn                            0/1     Pending     0               4m17s
cart-74cdbd6b84-zdvtc                            0/1     Pending     0               4m32s
checkout-779b6768bf-2xfkw                        0/1     Pending     0               4m47s
checkout-779b6768bf-djcll                        0/1     Pending     0               4m32s
checkout-779b6768bf-jqr45                        0/1     Pending     0               4m2s
checkout-779b6768bf-ktht7                        0/1     Pending     0               5m2s
checkout-779b6768bf-lvt72                        0/1     Pending     0               4m17s
checkout-779b6768bf-nlsff                        0/1     Pending     0               4m17s
checkout-779b6768bf-r9pq2                        0/1     Pending     0               3m47s
frontend-7cb46658f5-47j9p                        0/1     Pending     0               5m
frontend-7cb46658f5-4vfcw                        0/1     Pending     0               3m30s
frontend-7cb46658f5-9sx5d                        0/1     Pending     0               2m45s
frontend-7cb46658f5-htv2l                        0/1     Pending     0               4m
frontend-7cb46658f5-jdflz                        0/1     Pending     0               4m45s
frontend-7cb46658f5-jzzm4                        0/1     Pending     0               5m15s
frontend-7cb46658f5-p4z45                        0/1     Pending     0               4m
frontend-7cb46658f5-pb9qr                        0/1     Pending     0               4m
frontend-7cb46658f5-rc8k7                        0/1     Pending     0               2m45s
frontend-7cb46658f5-s5txt                        0/1     Pending     0               3m30s

=== WARM-UP 5/5 - 2026-07-21T08:00:28+07:00 ===
NAME                                             READY   STATUS      RESTARTS        AGE
cart-74cdbd6b84-5mq86                            0/1     Pending     0               6m11s
cart-74cdbd6b84-hwdsz                            0/1     Pending     0               5m11s
cart-74cdbd6b84-lcbwr                            0/1     Pending     0               5m11s
cart-74cdbd6b84-wf5fn                            0/1     Pending     0               5m26s
cart-74cdbd6b84-zdvtc                            0/1     Pending     0               5m41s
checkout-779b6768bf-2xfkw                        0/1     Pending     0               5m56s
checkout-779b6768bf-djcll                        0/1     Pending     0               5m41s
checkout-779b6768bf-jqr45                        0/1     Pending     0               5m11s
checkout-779b6768bf-ktht7                        0/1     Pending     0               6m11s
checkout-779b6768bf-lvt72                        0/1     Pending     0               5m26s
checkout-779b6768bf-nlsff                        0/1     Pending     0               5m26s
checkout-779b6768bf-r9pq2                        0/1     Pending     0               4m56s
frontend-7cb46658f5-47j9p                        0/1     Pending     0               6m9s
frontend-7cb46658f5-4vfcw                        0/1     Pending     0               4m39s
frontend-7cb46658f5-9sx5d                        0/1     Pending     0               3m54s
frontend-7cb46658f5-htv2l                        0/1     Pending     0               5m9s
frontend-7cb46658f5-jdflz                        0/1     Pending     0               5m54s
frontend-7cb46658f5-jzzm4                        0/1     Pending     0               6m24s
frontend-7cb46658f5-p4z45                        0/1     Pending     0               5m9s
frontend-7cb46658f5-pb9qr                        0/1     Pending     0               5m9s
frontend-7cb46658f5-rc8k7                        0/1     Pending     0               3m54s
frontend-7cb46658f5-s5txt                        0/1     Pending     0               4m39s
